typechecked void foo(); 1 local vars
addr	line	code	    pop instruction
0003	   7	49 00	    	PUSH_LOCAL_LVALUE 0
0005		40	    	PUSH_ZERO
0006		70	    P	STORE
0007		1E 00	    	LINE 7
0009		47 00	    	PUSH_LOCAL 0
000B		42 0A	    	PUSH_INT1 10
000D		57 08	    	CALL_KFUNC 8 (<) 2
000F		72 00 10    P	JUMP_ZERO 0020
0012	   8	85 00	    	PUSH_STRING 00 "Hello World
"
0014		77 1A	    P	CALL_KFUNC 26 (send_message) 1
0016	   7	09 00	    	PUSH_LOCAL_LVALUE 0
0018		4F	    	FETCH
0019		41	    	PUSH_ONE
001A		57 00	    	CALL_KFUNC 0 (+) 2
001C		70	    P	STORE
001D		51 FF E9    	JUMP 0007
0020		40	    	PUSH_ZERO
0021		5D	    	RETURN
